0 info it worked if it ends with ok
1 verbose cli [
1 verbose cli   'C:\\Program Files\\nodejs\\node.exe',
1 verbose cli   'C:\\Users\\luxe4\\AppData\\Roaming\\npm\\node_modules\\npm\\bin\\npm-cli.js',
1 verbose cli   'run',
1 verbose cli   'build'
1 verbose cli ]
2 info using npm@3.10.10
3 info using node@v13.12.0
4 verbose run-script [ 'prebuild', 'build', 'postbuild' ]
5 info lifecycle project-burger@1.0.0~prebuild: project-burger@1.0.0
6 silly lifecycle project-burger@1.0.0~prebuild: no script for prebuild, continuing
7 info lifecycle project-burger@1.0.0~build: project-burger@1.0.0
8 verbose lifecycle project-burger@1.0.0~build: unsafe-perm in lifecycle true
9 verbose lifecycle project-burger@1.0.0~build: PATH: C:\Users\luxe4\AppData\Roaming\npm\node_modules\npm\bin\node-gyp-bin;D:\Loftschool\project-burger\node_modules\.bin;C:\Program Files\Git\mingw64\bin;C:\Program Files\Git\usr\bin;C:\Users\luxe4\bin;C:\Windows\system32;C:\Windows;C:\Windows\System32\Wbem;C:\Windows\System32\WindowsPowerShell\v1.0;C:\Windows\System32\OpenSSH;C:\Program Files (x86)\ATI Technologies\ATI.ACE\Core-Static;C:\Program Files (x86)\Skype\Phone;C:\Program Files\Git\cmd;C:\Program Files\nodejs;C:\Users\luxe4\AppData\Local\Microsoft\WindowsApps;C:\Program Files\JetBrains\PhpStorm 2019.3.1\bin;C:\Users\luxe4\AppData\Roaming\npm
10 verbose lifecycle project-burger@1.0.0~build: CWD: D:\Loftschool\project-burger
11 silly lifecycle project-burger@1.0.0~build: Args: [ '/d /s /c', 'cross-env NODE_ENV=prod gulp build' ]
12 silly lifecycle project-burger@1.0.0~build: Returned: code: 1  signal: null
13 info lifecycle project-burger@1.0.0~build: Failed to exec build script
14 verbose stack Error: project-burger@1.0.0 build: `cross-env NODE_ENV=prod gulp build`
14 verbose stack Exit status 1
14 verbose stack     at EventEmitter.<anonymous> (C:\Users\luxe4\AppData\Roaming\npm\node_modules\npm\lib\utils\lifecycle.js:255:16)
14 verbose stack     at EventEmitter.emit (events.js:315:20)
14 verbose stack     at ChildProcess.<anonymous> (C:\Users\luxe4\AppData\Roaming\npm\node_modules\npm\lib\utils\spawn.js:40:14)
14 verbose stack     at ChildProcess.emit (events.js:315:20)
14 verbose stack     at maybeClose (internal/child_process.js:1026:16)
14 verbose stack     at Process.ChildProcess._handle.onexit (internal/child_process.js:286:5)
15 verbose pkgid project-burger@1.0.0
16 verbose cwd D:\Loftschool\project-burger
17 error Windows_NT 10.0.18363
18 error argv "C:\\Program Files\\nodejs\\node.exe" "C:\\Users\\luxe4\\AppData\\Roaming\\npm\\node_modules\\npm\\bin\\npm-cli.js" "run" "build"
19 error node v13.12.0
20 error npm  v3.10.10
21 error code ELIFECYCLE
22 error project-burger@1.0.0 build: `cross-env NODE_ENV=prod gulp build`
22 error Exit status 1
23 error Failed at the project-burger@1.0.0 build script 'cross-env NODE_ENV=prod gulp build'.
23 error Make sure you have the latest version of node.js and npm installed.
23 error If you do, this is most likely a problem with the project-burger package,
23 error not with npm itself.
23 error Tell the author that this fails on your system:
23 error     cross-env NODE_ENV=prod gulp build
23 error You can get information on how to open an issue for this project with:
23 error     npm bugs project-burger
23 error Or if that isn't available, you can get their info via:
23 error     npm owner ls project-burger
23 error There is likely additional logging output above.
24 verbose exit [ 1, true ]
